  ConsoleApplication1.cpp
C:\Users\Adham\source\repos\ConsoleApplication1\ConsoleApplication1\ConsoleApplication1.cpp(115,22): warning C4244: 'argument': conversion from 'int' to 'float', possible loss of data
C:\Users\Adham\source\repos\ConsoleApplication1\ConsoleApplication1\ConsoleApplication1.cpp(115,19): warning C4244: 'argument': conversion from 'int' to 'float', possible loss of data
C:\Users\Adham\source\repos\ConsoleApplication1\ConsoleApplication1\ConsoleApplication1.cpp(116,34): warning C4244: 'argument': conversion from 'float' to 'int', possible loss of data
C:\Users\Adham\source\repos\ConsoleApplication1\ConsoleApplication1\ConsoleApplication1.cpp(116,30): warning C4244: 'argument': conversion from 'float' to 'int', possible loss of data
C:\Users\Adham\source\repos\ConsoleApplication1\ConsoleApplication1\ConsoleApplication1.cpp(159,39): warning C4244: 'argument': conversion from 'int' to 'float', possible loss of data
C:\Users\Adham\source\repos\ConsoleApplication1\ConsoleApplication1\ConsoleApplication1.cpp(202,40): warning C4244: 'argument': conversion from 'int' to 'float', possible loss of data
C:\Users\Adham\source\repos\ConsoleApplication1\ConsoleApplication1\ConsoleApplication1.cpp(275,22): warning C4018: '<': signed/unsigned mismatch
C:\Users\Adham\source\repos\ConsoleApplication1\ConsoleApplication1\ConsoleApplication1.cpp(284,15): warning C4244: 'argument': conversion from 'float' to 'int', possible loss of data
C:\Users\Adham\source\repos\ConsoleApplication1\ConsoleApplication1\ConsoleApplication1.cpp(284,10): warning C4244: 'argument': conversion from 'float' to 'int', possible loss of data
C:\Users\Adham\source\repos\ConsoleApplication1\ConsoleApplication1\ConsoleApplication1.cpp(338,85): warning C4244: 'argument': conversion from '_Ty2' to 'int', possible loss of data
          with
          [
              _Ty2=float
          ]
C:\Users\Adham\source\repos\ConsoleApplication1\ConsoleApplication1\ConsoleApplication1.cpp(338,41): warning C4244: 'argument': conversion from '_Ty1' to 'int', possible loss of data
          with
          [
              _Ty1=float
          ]
C:\Users\Adham\source\repos\ConsoleApplication1\ConsoleApplication1\ConsoleApplication1.cpp(337,93): warning C4244: 'argument': conversion from '_Ty2' to 'int', possible loss of data
          with
          [
              _Ty2=float
          ]
C:\Users\Adham\source\repos\ConsoleApplication1\ConsoleApplication1\ConsoleApplication1.cpp(337,49): warning C4244: 'argument': conversion from '_Ty1' to 'int', possible loss of data
          with
          [
              _Ty1=float
          ]
  ConsoleApplication1.vcxproj -> C:\Users\Adham\source\repos\ConsoleApplication1\Debug\ConsoleApplication1.exe
